5.0000e-03 1.1445e-01
1.5000e-02 1.1441e-01
2.5000e-02 1.1435e-01
3.5000e-02 1.1428e-01
4.5000e-02 1.1421e-01
5.5000e-02 1.1412e-01
6.5000e-02 1.1403e-01
7.5000e-02 1.1392e-01
8.5000e-02 1.1381e-01
9.5000e-02 1.1368e-01
1.0500e-01 1.1355e-01
1.1500e-01 1.1340e-01
1.2500e-01 1.1325e-01
1.3500e-01 1.1309e-01
1.4500e-01 1.1292e-01
1.5500e-01 1.1274e-01
1.6500e-01 1.1255e-01
1.7500e-01 1.1235e-01
1.8500e-01 1.1215e-01
1.9500e-01 1.1193e-01
2.0500e-01 1.1171e-01
2.1500e-01 1.1148e-01
2.2500e-01 1.1124e-01
2.3500e-01 1.1100e-01
2.4500e-01 1.1074e-01
2.5500e-01 1.1048e-01
2.6500e-01 1.1021e-01
2.7500e-01 1.0994e-01
2.8500e-01 1.0965e-01
2.9500e-01 1.0936e-01
3.0500e-01 1.1386e-01
3.1500e-01 1.1597e-01
3.2500e-01 1.1640e-01
3.3500e-01 1.1700e-01
3.4500e-01 1.1781e-01
3.5500e-01 1.1885e-01
3.6500e-01 1.2015e-01
3.7500e-01 1.2175e-01
3.8500e-01 1.2369e-01
3.9500e-01 1.2602e-01
4.0500e-01 1.2880e-01
4.1500e-01 1.3207e-01
4.2500e-01 1.3592e-01
4.3500e-01 1.4042e-01
4.4500e-01 1.4567e-01
4.5500e-01 1.5175e-01
4.6500e-01 1.5879e-01
4.7500e-01 1.6683e-01
4.8500e-01 1.7587e-01
4.9500e-01 1.8661e-01
5.0500e-01 1.9890e-01
5.1500e-01 2.1293e-01
5.2500e-01 2.2891e-01
5.3500e-01 2.4709e-01
5.4500e-01 2.6773e-01
5.5500e-01 2.9111e-01
5.6500e-01 3.1757e-01
5.7500e-01 3.4744e-01
5.8500e-01 4.3658e-01
5.9500e-01 5.3151e-01
6.0500e-01 5.7381e-01
6.1500e-01 6.2132e-01
6.2500e-01 6.7460e-01
6.3500e-01 7.3428e-01
6.4500e-01 8.0101e-01
6.5500e-01 8.7552e-01
6.6500e-01 9.5860e-01
6.7500e-01 1.0511e+00
6.8500e-01 1.1540e+00
6.9500e-01 2.5145e+00
7.0500e-01 1.2645e+00
7.1500e-01 4.2168e-01
7.2500e-01 4.1381e-01
7.3500e-01 4.0613e-01
7.4500e-01 3.9355e-01
7.5500e-01 3.8579e-01
7.6500e-01 3.7873e-01
7.7500e-01 3.7184e-01
7.8500e-01 3.6512e-01
7.9500e-01 3.5855e-01
8.0500e-01 3.5213e-01
8.1500e-01 3.4586e-01
8.2500e-01 3.3973e-01
8.3500e-01 3.3374e-01
8.4500e-01 3.2789e-01
8.5500e-01 3.2217e-01
8.6500e-01 3.1658e-01
8.7500e-01 3.1111e-01
8.8500e-01 3.0577e-01
8.9500e-01 3.0054e-01
9.0500e-01 2.9542e-01
9.1500e-01 2.9042e-01
9.2500e-01 2.8553e-01
9.3500e-01 2.8074e-01
9.4500e-01 2.7605e-01
9.5500e-01 2.7146e-01
9.6500e-01 2.6697e-01
9.7500e-01 2.6258e-01
9.8500e-01 2.5828e-01
9.9500e-01 2.5406e-01
