5.0000e-04 2.1238e-01
1.5000e-03 2.1278e-01
2.5000e-03 2.1319e-01
3.5000e-03 2.1366e-01
4.5000e-03 2.1399e-01
5.5000e-03 2.1468e-01
6.5000e-03 2.1469e-01
7.5000e-03 2.1562e-01
8.5000e-03 2.1545e-01
9.5000e-03 2.1588e-01
1.0500e-02 2.1659e-01
1.1500e-02 2.1671e-01
1.2500e-02 2.1694e-01
1.3500e-02 2.1752e-01
1.4500e-02 2.1784e-01
1.5500e-02 2.1828e-01
1.6500e-02 2.1890e-01
1.7500e-02 2.1885e-01
1.8500e-02 2.1909e-01
1.9500e-02 2.1947e-01
2.0500e-02 2.2003e-01
2.1500e-02 2.2033e-01
2.2500e-02 2.2059e-01
2.3500e-02 2.2097e-01
2.4500e-02 2.2112e-01
2.5500e-02 2.2176e-01
2.6500e-02 2.2247e-01
2.7500e-02 2.2179e-01
2.8500e-02 2.2223e-01
2.9500e-02 2.2278e-01
3.0500e-02 2.2329e-01
3.1500e-02 2.2384e-01
3.2500e-02 2.2364e-01
3.3500e-02 2.2409e-01
3.4500e-02 2.2396e-01
3.5500e-02 2.2458e-01
3.6500e-02 2.2476e-01
3.7500e-02 2.2513e-01
3.8500e-02 2.2533e-01
3.9500e-02 2.2595e-01
4.0500e-02 2.2626e-01
4.1500e-02 2.2665e-01
4.2500e-02 2.2674e-01
4.3500e-02 2.2717e-01
4.4500e-02 2.2761e-01
4.5500e-02 2.2773e-01
4.6500e-02 2.2802e-01
4.7500e-02 2.2832e-01
4.8500e-02 2.2886e-01
4.9500e-02 2.2924e-01
5.0500e-02 2.2928e-01
5.1500e-02 2.2976e-01
5.2500e-02 2.3001e-01
5.3500e-02 2.3042e-01
5.4500e-02 2.3004e-01
5.5500e-02 2.3053e-01
5.6500e-02 2.3116e-01
5.7500e-02 2.3148e-01
5.8500e-02 2.3185e-01
5.9500e-02 2.3170e-01
6.0500e-02 2.3219e-01
6.1500e-02 2.3242e-01
6.2500e-02 2.3234e-01
6.3500e-02 2.3246e-01
6.4500e-02 2.3291e-01
6.5500e-02 2.3315e-01
6.6500e-02 2.3346e-01
6.7500e-02 2.3391e-01
6.8500e-02 2.3422e-01
6.9500e-02 2.3481e-01
7.0500e-02 2.3475e-01
7.1500e-02 2.3480e-01
7.2500e-02 2.3495e-01
7.3500e-02 2.3525e-01
7.4500e-02 2.3549e-01
7.5500e-02 2.3555e-01
7.6500e-02 2.3576e-01
7.7500e-02 2.3594e-01
7.8500e-02 2.3650e-01
7.9500e-02 2.3654e-01
8.0500e-02 2.3683e-01
8.1500e-02 2.3743e-01
8.2500e-02 2.3809e-01
8.3500e-02 2.3765e-01
8.4500e-02 2.3794e-01
8.5500e-02 2.3879e-01
8.6500e-02 2.3871e-01
8.7500e-02 2.3928e-01
8.8500e-02 2.3938e-01
8.9500e-02 2.3943e-01
9.0500e-02 2.3965e-01
9.1500e-02 2.3979e-01
9.2500e-02 2.4047e-01
9.3500e-02 2.4040e-01
9.4500e-02 2.4062e-01
9.5500e-02 2.4085e-01
9.6500e-02 2.4093e-01
9.7500e-02 2.4115e-01
9.8500e-02 2.4143e-01
9.9500e-02 2.4199e-01
1.0050e-01 2.4293e-01
1.0150e-01 2.4290e-01
1.0250e-01 2.4345e-01
1.0350e-01 2.4342e-01
1.0450e-01 2.4358e-01
1.0550e-01 2.4396e-01
1.0650e-01 2.4466e-01
1.0750e-01 2.4408e-01
1.0850e-01 2.4434e-01
1.0950e-01 2.4449e-01
1.1050e-01 2.4473e-01
1.1150e-01 2.4509e-01
1.1250e-01 2.4511e-01
1.1350e-01 2.4541e-01
1.1450e-01 2.4556e-01
1.1550e-01 2.4591e-01
1.1650e-01 2.4589e-01
1.1750e-01 2.4588e-01
1.1850e-01 2.4616e-01
1.1950e-01 2.4699e-01
1.2050e-01 2.4699e-01
1.2150e-01 2.4680e-01
1.2250e-01 2.4723e-01
1.2350e-01 2.4802e-01
1.2450e-01 2.4816e-01
1.2550e-01 2.4888e-01
1.2650e-01 2.4857e-01
1.2750e-01 2.4871e-01
1.2850e-01 2.4884e-01
1.2950e-01 2.4922e-01
1.3050e-01 2.4934e-01
1.3150e-01 2.4970e-01
1.3250e-01 2.4997e-01
1.3350e-01 2.5028e-01
1.3450e-01 2.5034e-01
1.3550e-01 2.5054e-01
1.3650e-01 2.5095e-01
1.3750e-01 2.5127e-01
1.3850e-01 2.5118e-01
1.3950e-01 2.5148e-01
1.4050e-01 2.5198e-01
1.4150e-01 2.5210e-01
1.4250e-01 2.5243e-01
1.4350e-01 2.5264e-01
1.4450e-01 2.5291e-01
1.4550e-01 2.5289e-01
1.4650e-01 2.5328e-01
1.4750e-01 2.5374e-01
1.4850e-01 2.5388e-01
1.4950e-01 2.5392e-01
1.5050e-01 2.5409e-01
1.5150e-01 2.5441e-01
1.5250e-01 2.5470e-01
1.5350e-01 2.5554e-01
1.5450e-01 2.5485e-01
1.5550e-01 2.5531e-01
1.5650e-01 2.5550e-01
1.5750e-01 2.5563e-01
1.5850e-01 2.5590e-01
1.5950e-01 2.5629e-01
1.6050e-01 2.5628e-01
1.6150e-01 2.5656e-01
1.6250e-01 2.5691e-01
1.6350e-01 2.5734e-01
1.6450e-01 2.5763e-01
1.6550e-01 2.5764e-01
1.6650e-01 2.5810e-01
1.6750e-01 2.5835e-01
1.6850e-01 2.5862e-01
1.6950e-01 2.5868e-01
1.7050e-01 2.5909e-01
1.7150e-01 2.5934e-01
1.7250e-01 2.5967e-01
1.7350e-01 2.6028e-01
1.7450e-01 2.6030e-01
1.7550e-01 2.6062e-01
1.7650e-01 2.6071e-01
1.7750e-01 2.6107e-01
1.7850e-01 2.6158e-01
1.7950e-01 2.6202e-01
1.8050e-01 2.6225e-01
1.8150e-01 2.6249e-01
1.8250e-01 2.6275e-01
1.8350e-01 2.6271e-01
1.8450e-01 2.6312e-01
1.8550e-01 2.6303e-01
1.8650e-01 2.6329e-01
1.8750e-01 2.6384e-01
1.8850e-01 2.6360e-01
1.8950e-01 2.6389e-01
1.9050e-01 2.6426e-01
1.9150e-01 2.6440e-01
1.9250e-01 2.6454e-01
1.9350e-01 2.6520e-01
1.9450e-01 2.6532e-01
1.9550e-01 2.6538e-01
1.9650e-01 2.6567e-01
1.9750e-01 2.6571e-01
1.9850e-01 2.6603e-01
1.9950e-01 2.6669e-01
2.0050e-01 2.6700e-01
2.0150e-01 2.6682e-01
2.0250e-01 2.6699e-01
2.0350e-01 2.6714e-01
2.0450e-01 2.6782e-01
2.0550e-01 2.6798e-01
2.0650e-01 2.6797e-01
2.0750e-01 2.6824e-01
2.0850e-01 2.6847e-01
2.0950e-01 2.6860e-01
2.1050e-01 2.6873e-01
2.1150e-01 2.6897e-01
2.1250e-01 2.6907e-01
2.1350e-01 2.6946e-01
2.1450e-01 2.7007e-01
2.1550e-01 2.7059e-01
2.1650e-01 2.7059e-01
2.1750e-01 2.7052e-01
2.1850e-01 2.7079e-01
2.1950e-01 2.7093e-01
2.2050e-01 2.7102e-01
2.2150e-01 2.7126e-01
2.2250e-01 2.7157e-01
2.2350e-01 2.7236e-01
2.2450e-01 2.7220e-01
2.2550e-01 2.7264e-01
2.2650e-01 2.7283e-01
2.2750e-01 2.7297e-01
2.2850e-01 2.7365e-01
2.2950e-01 2.7410e-01
2.3050e-01 2.7369e-01
2.3150e-01 2.7395e-01
2.3250e-01 2.7394e-01
2.3350e-01 2.7394e-01
2.3450e-01 2.7438e-01
2.3550e-01 2.7447e-01
2.3650e-01 2.7475e-01
2.3750e-01 2.7484e-01
2.3850e-01 2.7513e-01
2.3950e-01 2.7558e-01
2.4050e-01 2.7582e-01
2.4150e-01 2.7605e-01
2.4250e-01 2.7619e-01
2.4350e-01 2.7630e-01
2.4450e-01 2.7662e-01
2.4550e-01 2.7712e-01
2.4650e-01 2.7734e-01
2.4750e-01 2.7767e-01
2.4850e-01 2.7788e-01
2.4950e-01 2.7781e-01
2.5050e-01 2.7791e-01
2.5150e-01 2.7817e-01
2.5250e-01 2.7847e-01
2.5350e-01 2.7898e-01
2.5450e-01 2.7932e-01
2.5550e-01 2.7952e-01
2.5650e-01 2.7967e-01
2.5750e-01 2.8011e-01
2.5850e-01 2.8048e-01
2.5950e-01 2.8077e-01
2.6050e-01 2.8128e-01
2.6150e-01 2.8167e-01
2.6250e-01 2.8154e-01
2.6350e-01 2.8172e-01
2.6450e-01 2.8158e-01
2.6550e-01 2.8223e-01
2.6650e-01 2.8223e-01
2.6750e-01 2.8216e-01
2.6850e-01 2.8244e-01
2.6950e-01 2.8265e-01
2.7050e-01 2.8272e-01
2.7150e-01 2.8298e-01
2.7250e-01 2.8329e-01
2.7350e-01 2.8365e-01
2.7450e-01 2.8428e-01
2.7550e-01 2.8420e-01
2.7650e-01 2.8424e-01
2.7750e-01 2.8468e-01
2.7850e-01 2.8486e-01
2.7950e-01 2.8525e-01
2.8050e-01 2.8540e-01
2.8150e-01 2.8558e-01
2.8250e-01 2.8585e-01
2.8350e-01 2.8623e-01
2.8450e-01 2.8635e-01
2.8550e-01 2.8646e-01
2.8650e-01 2.8668e-01
2.8750e-01 2.8745e-01
2.8850e-01 2.8735e-01
2.8950e-01 2.8835e-01
2.9050e-01 2.8883e-01
2.9150e-01 2.8849e-01
2.9250e-01 2.8846e-01
2.9350e-01 2.8902e-01
2.9450e-01 2.8943e-01
2.9550e-01 2.8943e-01
2.9650e-01 2.9023e-01
2.9750e-01 2.8994e-01
2.9850e-01 2.9003e-01
2.9950e-01 2.9019e-01
3.0050e-01 2.9050e-01
3.0150e-01 2.9069e-01
3.0250e-01 2.9106e-01
3.0350e-01 2.9139e-01
3.0450e-01 2.9168e-01
3.0550e-01 2.9177e-01
3.0650e-01 2.9212e-01
3.0750e-01 2.9253e-01
3.0850e-01 2.9294e-01
3.0950e-01 2.9312e-01
3.1050e-01 2.9387e-01
3.1150e-01 2.9322e-01
3.1250e-01 2.9354e-01
3.1350e-01 2.9379e-01
3.1450e-01 2.9435e-01
3.1550e-01 2.9420e-01
3.1650e-01 2.9469e-01
3.1750e-01 2.9525e-01
3.1850e-01 2.9552e-01
3.1950e-01 2.9564e-01
3.2050e-01 2.9677e-01
3.2150e-01 2.9594e-01
3.2250e-01 2.9634e-01
3.2350e-01 2.9650e-01
3.2450e-01 2.9682e-01
3.2550e-01 2.9727e-01
3.2650e-01 2.9746e-01
3.2750e-01 2.9800e-01
3.2850e-01 2.9775e-01
3.2950e-01 2.9781e-01
3.3050e-01 2.9801e-01
3.3150e-01 2.9828e-01
3.3250e-01 2.9894e-01
3.3350e-01 2.9915e-01
3.3450e-01 2.9922e-01
3.3550e-01 2.9953e-01
3.3650e-01 2.9978e-01
3.3750e-01 2.9978e-01
3.3850e-01 3.0000e-01
3.3950e-01 3.0028e-01
3.4050e-01 3.0049e-01
3.4150e-01 3.0099e-01
3.4250e-01 3.0137e-01
3.4350e-01 3.0128e-01
3.4450e-01 3.0172e-01
3.4550e-01 3.0223e-01
3.4650e-01 3.0242e-01
3.4750e-01 3.0280e-01
3.4850e-01 3.0343e-01
3.4950e-01 3.0344e-01
3.5050e-01 3.0347e-01
3.5150e-01 3.0356e-01
3.5250e-01 3.0368e-01
3.5350e-01 3.0365e-01
3.5450e-01 3.0398e-01
3.5550e-01 3.0405e-01
3.5650e-01 3.0436e-01
3.5750e-01 3.0476e-01
3.5850e-01 3.0520e-01
3.5950e-01 3.0539e-01
3.6050e-01 3.0562e-01
3.6150e-01 3.0610e-01
3.6250e-01 3.0637e-01
3.6350e-01 3.0662e-01
3.6450e-01 3.0675e-01
3.6550e-01 3.0716e-01
3.6650e-01 3.0745e-01
3.6750e-01 3.0781e-01
3.6850e-01 3.0850e-01
3.6950e-01 3.0877e-01
3.7050e-01 3.0891e-01
3.7150e-01 3.0871e-01
3.7250e-01 3.0945e-01
3.7350e-01 3.1017e-01
3.7450e-01 3.1017e-01
3.7550e-01 3.1047e-01
3.7650e-01 3.1104e-01
3.7750e-01 3.1115e-01
3.7850e-01 3.1161e-01
3.7950e-01 3.1148e-01
3.8050e-01 3.1187e-01
3.8150e-01 3.1211e-01
3.8250e-01 3.1230e-01
3.8350e-01 3.1257e-01
3.8450e-01 3.1280e-01
3.8550e-01 3.1341e-01
3.8650e-01 3.1339e-01
3.8750e-01 3.1360e-01
3.8850e-01 3.1387e-01
3.8950e-01 3.1426e-01
3.9050e-01 3.1437e-01
3.9150e-01 3.1436e-01
3.9250e-01 3.1468e-01
3.9350e-01 3.1543e-01
3.9450e-01 3.1560e-01
3.9550e-01 3.1557e-01
3.9650e-01 3.1577e-01
3.9750e-01 3.1587e-01
3.9850e-01 3.1631e-01
3.9950e-01 3.1690e-01
4.0050e-01 3.1712e-01
4.0150e-01 3.1757e-01
4.0250e-01 3.1776e-01
4.0350e-01 3.1774e-01
4.0450e-01 3.1792e-01
4.0550e-01 3.1827e-01
4.0650e-01 3.1866e-01
4.0750e-01 3.1913e-01
4.0850e-01 3.1946e-01
4.0950e-01 3.1980e-01
4.1050e-01 3.2022e-01
4.1150e-01 3.2072e-01
4.1250e-01 3.2123e-01
4.1350e-01 3.2194e-01
4.1450e-01 3.2179e-01
4.1550e-01 3.2178e-01
4.1650e-01 3.2181e-01
4.1750e-01 3.2216e-01
4.1850e-01 3.2257e-01
4.1950e-01 3.2289e-01
4.2050e-01 3.2298e-01
4.2150e-01 3.2355e-01
4.2250e-01 3.2400e-01
4.2350e-01 3.2426e-01
4.2450e-01 3.2425e-01
4.2550e-01 3.2481e-01
4.2650e-01 3.2540e-01
4.2750e-01 3.2589e-01
4.2850e-01 3.2635e-01
4.2950e-01 3.2663e-01
4.3050e-01 3.2729e-01
4.3150e-01 3.2743e-01
4.3250e-01 3.2749e-01
4.3350e-01 3.2769e-01
4.3450e-01 3.2787e-01
4.3550e-01 3.2866e-01
4.3650e-01 3.2900e-01
4.3750e-01 3.2893e-01
4.3850e-01 3.2885e-01
4.3950e-01 3.2917e-01
4.4050e-01 3.2962e-01
4.4150e-01 3.3010e-01
4.4250e-01 3.3039e-01
4.4350e-01 3.3068e-01
4.4450e-01 3.3096e-01
4.4550e-01 3.3161e-01
4.4650e-01 3.3256e-01
4.4750e-01 3.3250e-01
4.4850e-01 3.3280e-01
4.4950e-01 3.3308e-01
4.5050e-01 3.3348e-01
4.5150e-01 3.3390e-01
4.5250e-01 3.3415e-01
4.5350e-01 3.3446e-01
4.5450e-01 3.3491e-01
4.5550e-01 3.3519e-01
4.5650e-01 3.3539e-01
4.5750e-01 3.3590e-01
4.5850e-01 3.3646e-01
4.5950e-01 3.3697e-01
4.6050e-01 3.3727e-01
4.6150e-01 3.3745e-01
4.6250e-01 3.3783e-01
4.6350e-01 3.3840e-01
4.6450e-01 3.3848e-01
4.6550e-01 3.3873e-01
4.6650e-01 3.3911e-01
4.6750e-01 3.3958e-01
4.6850e-01 3.4000e-01
4.6950e-01 3.4012e-01
4.7050e-01 3.4042e-01
4.7150e-01 3.4108e-01
4.7250e-01 3.4136e-01
4.7350e-01 3.4166e-01
4.7450e-01 3.4206e-01
4.7550e-01 3.4235e-01
4.7650e-01 3.4382e-01
4.7750e-01 3.4344e-01
4.7850e-01 3.4395e-01
4.7950e-01 3.4422e-01
4.8050e-01 3.4460e-01
4.8150e-01 3.4485e-01
4.8250e-01 3.4607e-01
4.8350e-01 3.4577e-01
4.8450e-01 3.4608e-01
4.8550e-01 3.4635e-01
4.8650e-01 3.4669e-01
4.8750e-01 3.4757e-01
4.8850e-01 3.4771e-01
4.8950e-01 3.4783e-01
4.9050e-01 3.4819e-01
4.9150e-01 3.4862e-01
4.9250e-01 3.4917e-01
4.9350e-01 3.4973e-01
4.9450e-01 3.5015e-01
4.9550e-01 3.5093e-01
4.9650e-01 3.5191e-01
4.9750e-01 3.5196e-01
4.9850e-01 3.5248e-01
4.9950e-01 3.5249e-01
5.0050e-01 3.5284e-01
5.0150e-01 3.5342e-01
5.0250e-01 3.5396e-01
5.0350e-01 3.5445e-01
5.0450e-01 3.5469e-01
5.0550e-01 3.5509e-01
5.0650e-01 3.5566e-01
5.0750e-01 3.5649e-01
5.0850e-01 3.5704e-01
5.0950e-01 3.5736e-01
5.1050e-01 3.5782e-01
5.1150e-01 3.5831e-01
5.1250e-01 3.5924e-01
5.1350e-01 3.5946e-01
5.1450e-01 3.5994e-01
5.1550e-01 3.6052e-01
5.1650e-01 3.6116e-01
5.1750e-01 3.6107e-01
5.1850e-01 3.6152e-01
5.1950e-01 3.6200e-01
5.2050e-01 3.6248e-01
5.2150e-01 3.6327e-01
5.2250e-01 3.6380e-01
5.2350e-01 3.6460e-01
5.2450e-01 3.6497e-01
5.2550e-01 3.6542e-01
5.2650e-01 3.6582e-01
5.2750e-01 3.6610e-01
5.2850e-01 3.6651e-01
5.2950e-01 3.6728e-01
5.3050e-01 3.6780e-01
5.3150e-01 3.6804e-01
5.3250e-01 3.6857e-01
5.3350e-01 3.6921e-01
5.3450e-01 3.6947e-01
5.3550e-01 3.6992e-01
5.3650e-01 3.7058e-01
5.3750e-01 3.7096e-01
5.3850e-01 3.7154e-01
5.3950e-01 3.7215e-01
5.4050e-01 3.7315e-01
5.4150e-01 3.7330e-01
5.4250e-01 3.7378e-01
5.4350e-01 3.7423e-01
5.4450e-01 3.7487e-01
5.4550e-01 3.7559e-01
5.4650e-01 3.7596e-01
5.4750e-01 3.7643e-01
5.4850e-01 3.7787e-01
5.4950e-01 3.7786e-01
5.5050e-01 3.7858e-01
5.5150e-01 3.7849e-01
5.5250e-01 3.7897e-01
5.5350e-01 3.7966e-01
5.5450e-01 3.8048e-01
5.5550e-01 3.8113e-01
5.5650e-01 3.8158e-01
5.5750e-01 3.8247e-01
5.5850e-01 3.8324e-01
5.5950e-01 3.8382e-01
5.6050e-01 3.8455e-01
5.6150e-01 3.8573e-01
5.6250e-01 3.8571e-01
5.6350e-01 3.8636e-01
5.6450e-01 3.8739e-01
5.6550e-01 3.8774e-01
5.6650e-01 3.8827e-01
5.6750e-01 3.8883e-01
5.6850e-01 3.8976e-01
5.6950e-01 3.9064e-01
5.7050e-01 3.9164e-01
5.7150e-01 3.9246e-01
5.7250e-01 3.9324e-01
5.7350e-01 3.9435e-01
5.7450e-01 3.9480e-01
5.7550e-01 3.9554e-01
5.7650e-01 3.9618e-01
5.7750e-01 3.9669e-01
5.7850e-01 3.9755e-01
5.7950e-01 3.9838e-01
5.8050e-01 3.9896e-01
5.8150e-01 3.9950e-01
5.8250e-01 4.0020e-01
5.8350e-01 4.0113e-01
5.8450e-01 4.0181e-01
5.8550e-01 4.0251e-01
5.8650e-01 4.0306e-01
5.8750e-01 4.0398e-01
5.8850e-01 4.0487e-01
5.8950e-01 4.0570e-01
5.9050e-01 4.0663e-01
5.9150e-01 4.0759e-01
5.9250e-01 4.0846e-01
5.9350e-01 4.0936e-01
5.9450e-01 4.1040e-01
5.9550e-01 4.1114e-01
5.9650e-01 4.1247e-01
5.9750e-01 4.1362e-01
5.9850e-01 4.1440e-01
5.9950e-01 4.1535e-01
6.0050e-01 4.1664e-01
6.0150e-01 4.1751e-01
6.0250e-01 4.1859e-01
6.0350e-01 4.1935e-01
6.0450e-01 4.2005e-01
6.0550e-01 4.2086e-01
6.0650e-01 4.2182e-01
6.0750e-01 4.2354e-01
6.0850e-01 4.2356e-01
6.0950e-01 4.2442e-01
6.1050e-01 4.2556e-01
6.1150e-01 4.2655e-01
6.1250e-01 4.2760e-01
6.1350e-01 4.2886e-01
6.1450e-01 4.3018e-01
6.1550e-01 4.3121e-01
6.1650e-01 4.3277e-01
6.1750e-01 4.3311e-01
6.1850e-01 4.3515e-01
6.1950e-01 4.3513e-01
6.2050e-01 4.3620e-01
6.2150e-01 4.3748e-01
6.2250e-01 4.3858e-01
6.2350e-01 4.4005e-01
6.2450e-01 4.4181e-01
6.2550e-01 4.4305e-01
6.2650e-01 4.4377e-01
6.2750e-01 4.4522e-01
6.2850e-01 4.4609e-01
6.2950e-01 4.4751e-01
6.3050e-01 4.4874e-01
6.3150e-01 4.5011e-01
6.3250e-01 4.5143e-01
6.3350e-01 4.5292e-01
6.3450e-01 4.5459e-01
6.3550e-01 4.5581e-01
6.3650e-01 4.5702e-01
6.3750e-01 4.5853e-01
6.3850e-01 4.6001e-01
6.3950e-01 4.6179e-01
6.4050e-01 4.6319e-01
6.4150e-01 4.6456e-01
6.4250e-01 4.6616e-01
6.4350e-01 4.6843e-01
6.4450e-01 4.6954e-01
6.4550e-01 4.7147e-01
6.4650e-01 4.7283e-01
6.4750e-01 4.7453e-01
6.4850e-01 4.7621e-01
6.4950e-01 4.7771e-01
6.5050e-01 4.7931e-01
6.5150e-01 4.8123e-01
6.5250e-01 4.8316e-01
6.5350e-01 4.8493e-01
6.5450e-01 4.8747e-01
6.5550e-01 4.8912e-01
6.5650e-01 4.9194e-01
6.5750e-01 4.9377e-01
6.5850e-01 4.9600e-01
6.5950e-01 4.9780e-01
6.6050e-01 5.0025e-01
6.6150e-01 5.0294e-01
6.6250e-01 5.0524e-01
6.6350e-01 5.0765e-01
6.6450e-01 5.1037e-01
6.6550e-01 5.1298e-01
6.6650e-01 5.1590e-01
6.6750e-01 5.1947e-01
6.6850e-01 5.2148e-01
6.6950e-01 5.2434e-01
6.7050e-01 5.2766e-01
6.7150e-01 5.3097e-01
6.7250e-01 5.3318e-01
6.7350e-01 5.3700e-01
6.7450e-01 5.3968e-01
6.7550e-01 5.4301e-01
6.7650e-01 5.4657e-01
6.7750e-01 5.5001e-01
6.7850e-01 5.5413e-01
6.7950e-01 5.5888e-01
6.8050e-01 5.6314e-01
6.8150e-01 5.6678e-01
6.8250e-01 5.7136e-01
6.8350e-01 5.7587e-01
6.8450e-01 5.8059e-01
6.8550e-01 5.8553e-01
6.8650e-01 5.9092e-01
6.8750e-01 5.9687e-01
6.8850e-01 6.0233e-01
6.8950e-01 6.0905e-01
6.9050e-01 6.1547e-01
6.9150e-01 6.2314e-01
6.9250e-01 6.3062e-01
6.9350e-01 6.3878e-01
6.9450e-01 6.4759e-01
6.9550e-01 6.5750e-01
6.9650e-01 6.6920e-01
6.9750e-01 6.8078e-01
6.9850e-01 6.9344e-01
6.9950e-01 7.0740e-01
7.0050e-01 7.2411e-01
7.0150e-01 7.4439e-01
7.0250e-01 7.6786e-01
7.0350e-01 7.9811e-01
7.0450e-01 8.3787e-01
7.0550e-01 8.9986e-01
7.0650e-01 1.0317e+00
7.0750e-01 1.1366e+00
7.0850e-01 9.2045e-01
7.0950e-01 8.5116e-01
7.1050e-01 8.0692e-01
7.1150e-01 7.7305e-01
7.1250e-01 7.4602e-01
7.1350e-01 7.2501e-01
7.1450e-01 7.0591e-01
7.1550e-01 6.8912e-01
7.1650e-01 6.7406e-01
7.1750e-01 6.6052e-01
7.1850e-01 6.4876e-01
7.1950e-01 6.3812e-01
7.2050e-01 6.2843e-01
7.2150e-01 6.1929e-01
7.2250e-01 6.1013e-01
7.2350e-01 6.0185e-01
7.2450e-01 5.9414e-01
7.2550e-01 5.8694e-01
7.2650e-01 5.7923e-01
7.2750e-01 5.7280e-01
7.2850e-01 5.6674e-01
7.2950e-01 5.6030e-01
7.3050e-01 5.5451e-01
7.3150e-01 5.5007e-01
7.3250e-01 5.4505e-01
7.3350e-01 5.3920e-01
7.3450e-01 5.3384e-01
7.3550e-01 5.2921e-01
7.3650e-01 5.2456e-01
7.3750e-01 5.1979e-01
7.3850e-01 5.1506e-01
7.3950e-01 5.1056e-01
7.4050e-01 5.0668e-01
7.4150e-01 5.0299e-01
7.4250e-01 4.9853e-01
7.4350e-01 4.9483e-01
7.4450e-01 4.9138e-01
7.4550e-01 4.8803e-01
7.4650e-01 4.8379e-01
7.4750e-01 4.8055e-01
7.4850e-01 4.7709e-01
7.4950e-01 4.7372e-01
7.5050e-01 4.7055e-01
7.5150e-01 4.6693e-01
7.5250e-01 4.6365e-01
7.5350e-01 4.6060e-01
7.5450e-01 4.5753e-01
7.5550e-01 4.5472e-01
7.5650e-01 4.5146e-01
7.5750e-01 4.4929e-01
7.5850e-01 4.4644e-01
7.5950e-01 4.4329e-01
7.6050e-01 4.4120e-01
7.6150e-01 4.3873e-01
7.6250e-01 4.3633e-01
7.6350e-01 4.3422e-01
7.6450e-01 4.3084e-01
7.6550e-01 4.2822e-01
7.6650e-01 4.2579e-01
7.6750e-01 4.2365e-01
7.6850e-01 4.2113e-01
7.6950e-01 4.1882e-01
7.7050e-01 4.1666e-01
7.7150e-01 4.1508e-01
7.7250e-01 4.1260e-01
7.7350e-01 4.1043e-01
7.7450e-01 4.0845e-01
7.7550e-01 4.0680e-01
7.7650e-01 4.0445e-01
7.7750e-01 4.0251e-01
7.7850e-01 4.0035e-01
7.7950e-01 3.9829e-01
7.8050e-01 3.9637e-01
7.8150e-01 3.9418e-01
7.8250e-01 3.9213e-01
7.8350e-01 3.9006e-01
7.8450e-01 3.8821e-01
7.8550e-01 3.8708e-01
7.8650e-01 3.8501e-01
7.8750e-01 3.8301e-01
7.8850e-01 3.8120e-01
7.8950e-01 3.7940e-01
7.9050e-01 3.7761e-01
7.9150e-01 3.7664e-01
7.9250e-01 3.7446e-01
7.9350e-01 3.7285e-01
7.9450e-01 3.7104e-01
7.9550e-01 3.6915e-01
7.9650e-01 3.6743e-01
7.9750e-01 3.6587e-01
7.9850e-01 3.6448e-01
7.9950e-01 3.6291e-01
8.0050e-01 3.6150e-01
8.0150e-01 3.5983e-01
8.0250e-01 3.5872e-01
8.0350e-01 3.5728e-01
8.0450e-01 3.5558e-01
8.0550e-01 3.5399e-01
8.0650e-01 3.5240e-01
8.0750e-01 3.5084e-01
8.0850e-01 3.4939e-01
8.0950e-01 3.4810e-01
8.1050e-01 3.4699e-01
8.1150e-01 3.4543e-01
8.1250e-01 3.4395e-01
8.1350e-01 3.4259e-01
8.1450e-01 3.4111e-01
8.1550e-01 3.3970e-01
8.1650e-01 3.3827e-01
8.1750e-01 3.3675e-01
8.1850e-01 3.3539e-01
8.1950e-01 3.3429e-01
8.2050e-01 3.3314e-01
8.2150e-01 3.3191e-01
8.2250e-01 3.3058e-01
8.2350e-01 3.2952e-01
8.2450e-01 3.2827e-01
8.2550e-01 3.2704e-01
8.2650e-01 3.2643e-01
8.2750e-01 3.2482e-01
8.2850e-01 3.2338e-01
8.2950e-01 3.2238e-01
8.3050e-01 3.2111e-01
8.3150e-01 3.1984e-01
8.3250e-01 3.1865e-01
8.3350e-01 3.1745e-01
8.3450e-01 3.1622e-01
8.3550e-01 3.1523e-01
8.3650e-01 3.1423e-01
8.3750e-01 3.1265e-01
8.3850e-01 3.1143e-01
8.3950e-01 3.1035e-01
8.4050e-01 3.0926e-01
8.4150e-01 3.0804e-01
8.4250e-01 3.0687e-01
8.4350e-01 3.0589e-01
8.4450e-01 3.0504e-01
8.4550e-01 3.0411e-01
8.4650e-01 3.0334e-01
8.4750e-01 3.0219e-01
8.4850e-01 3.0088e-01
8.4950e-01 2.9978e-01
8.5050e-01 2.9894e-01
8.5150e-01 2.9778e-01
8.5250e-01 2.9691e-01
8.5350e-01 2.9580e-01
8.5450e-01 2.9478e-01
8.5550e-01 2.9386e-01
8.5650e-01 2.9303e-01
8.5750e-01 2.9205e-01
8.5850e-01 2.9123e-01
8.5950e-01 2.8968e-01
8.6050e-01 2.8865e-01
8.6150e-01 2.8774e-01
8.6250e-01 2.8723e-01
8.6350e-01 2.8646e-01
8.6450e-01 2.8518e-01
8.6550e-01 2.8401e-01
8.6650e-01 2.8295e-01
8.6750e-01 2.8201e-01
8.6850e-01 2.8118e-01
8.6950e-01 2.8077e-01
8.7050e-01 2.7935e-01
8.7150e-01 2.7838e-01
8.7250e-01 2.7745e-01
8.7350e-01 2.7658e-01
8.7450e-01 2.7579e-01
8.7550e-01 2.7488e-01
8.7650e-01 2.7397e-01
8.7750e-01 2.7301e-01
8.7850e-01 2.7205e-01
8.7950e-01 2.7127e-01
8.8050e-01 2.7059e-01
8.8150e-01 2.6993e-01
8.8250e-01 2.6926e-01
8.8350e-01 2.6816e-01
8.8450e-01 2.6712e-01
8.8550e-01 2.6626e-01
8.8650e-01 2.6525e-01
8.8750e-01 2.6446e-01
8.8850e-01 2.6386e-01
8.8950e-01 2.6301e-01
8.9050e-01 2.6214e-01
8.9150e-01 2.6135e-01
8.9250e-01 2.6071e-01
8.9350e-01 2.5980e-01
8.9450e-01 2.5883e-01
8.9550e-01 2.5851e-01
8.9650e-01 2.5741e-01
8.9750e-01 2.5655e-01
8.9850e-01 2.5591e-01
8.9950e-01 2.5553e-01
9.0050e-01 2.5442e-01
9.0150e-01 2.5351e-01
9.0250e-01 2.5256e-01
9.0350e-01 2.5186e-01
9.0450e-01 2.5108e-01
9.0550e-01 2.5077e-01
9.0650e-01 2.4961e-01
9.0750e-01 2.4875e-01
9.0850e-01 2.4796e-01
9.0950e-01 2.4742e-01
9.1050e-01 2.4698e-01
9.1150e-01 2.4613e-01
9.1250e-01 2.4528e-01
9.1350e-01 2.4444e-01
9.1450e-01 2.4382e-01
9.1550e-01 2.4311e-01
9.1650e-01 2.4230e-01
9.1750e-01 2.4139e-01
9.1850e-01 2.4063e-01
9.1950e-01 2.3996e-01
9.2050e-01 2.3936e-01
9.2150e-01 2.3879e-01
9.2250e-01 2.3797e-01
9.2350e-01 2.3731e-01
9.2450e-01 2.3669e-01
9.2550e-01 2.3608e-01
9.2650e-01 2.3540e-01
9.2750e-01 2.3475e-01
9.2850e-01 2.3411e-01
9.2950e-01 2.3352e-01
9.3050e-01 2.3289e-01
9.3150e-01 2.3212e-01
9.3250e-01 2.3158e-01
9.3350e-01 2.3076e-01
9.3450e-01 2.3009e-01
9.3550e-01 2.2934e-01
9.3650e-01 2.2882e-01
9.3750e-01 2.2821e-01
9.3850e-01 2.2749e-01
9.3950e-01 2.2691e-01
9.4050e-01 2.2656e-01
9.4150e-01 2.2601e-01
9.4250e-01 2.2527e-01
9.4350e-01 2.2455e-01
9.4450e-01 2.2404e-01
9.4550e-01 2.2328e-01
9.4650e-01 2.2267e-01
9.4750e-01 2.2198e-01
9.4850e-01 2.2109e-01
9.4950e-01 2.2040e-01
9.5050e-01 2.2017e-01
9.5150e-01 2.1921e-01
9.5250e-01 2.1871e-01
9.5350e-01 2.1804e-01
9.5450e-01 2.1752e-01
9.5550e-01 2.1685e-01
9.5650e-01 2.1598e-01
9.5750e-01 2.1547e-01
9.5850e-01 2.1482e-01
9.5950e-01 2.1423e-01
9.6050e-01 2.1387e-01
9.6150e-01 2.1316e-01
9.6250e-01 2.1253e-01
9.6350e-01 2.1180e-01
9.6450e-01 2.1122e-01
9.6550e-01 2.1134e-01
9.6650e-01 2.1026e-01
9.6750e-01 2.0962e-01
9.6850e-01 2.0898e-01
9.6950e-01 2.0825e-01
9.7050e-01 2.0769e-01
9.7150e-01 2.0712e-01
9.7250e-01 2.0665e-01
9.7350e-01 2.0600e-01
9.7450e-01 2.0600e-01
9.7550e-01 2.0489e-01
9.7650e-01 2.0422e-01
9.7750e-01 2.0369e-01
9.7850e-01 2.0315e-01
9.7950e-01 2.0261e-01
9.8050e-01 2.0207e-01
9.8150e-01 2.0151e-01
9.8250e-01 2.0108e-01
9.8350e-01 2.0037e-01
9.8450e-01 1.9979e-01
9.8550e-01 1.9918e-01
9.8650e-01 1.9879e-01
9.8750e-01 1.9839e-01
9.8850e-01 1.9773e-01
9.8950e-01 1.9715e-01
9.9050e-01 1.9643e-01
9.9150e-01 1.9615e-01
9.9250e-01 1.9529e-01
9.9350e-01 1.9466e-01
9.9450e-01 1.9418e-01
9.9550e-01 1.9363e-01
9.9650e-01 1.9314e-01
9.9750e-01 1.9258e-01
9.9850e-01 1.9199e-01
9.9950e-01 1.9146e-01
